<?xml version="1.0" encoding="UTF-8"?>
<coverage generated="1669806010138" clover="3.2.0">
  <project timestamp="1669806010138" name="All files">
    <metrics statements="98" coveredstatements="56" conditionals="17" coveredconditionals="8" methods="35" coveredmethods="11" elements="150" coveredelements="75" complexity="0" loc="98" ncloc="98" packages="9" files="17" classes="17"/>
    <package name="actions">
      <metrics statements="25" coveredstatements="17" conditionals="2" coveredconditionals="0" methods="12" coveredmethods="2"/>
      <file name="index.js" path="/Users/lucasmichaeli/Documents/Formation-Capsens/React/redux-saga-exercise/src/actions/index.js">
        <metrics statements="25" coveredstatements="17" conditionals="2" coveredconditionals="0" methods="12" coveredmethods="2"/>
        <line num="4" count="2" type="stmt"/>
        <line num="5" count="2" type="stmt"/>
        <line num="6" count="2" type="stmt"/>
        <line num="7" count="2" type="stmt"/>
        <line num="8" count="2" type="stmt"/>
        <line num="9" count="2" type="stmt"/>
        <line num="10" count="2" type="stmt"/>
        <line num="11" count="2" type="stmt"/>
        <line num="14" count="2" type="stmt"/>
        <line num="19" count="2" type="stmt"/>
        <line num="24" count="2" type="stmt"/>
        <line num="29" count="2" type="stmt"/>
        <line num="34" count="2" type="stmt"/>
        <line num="39" count="2" type="stmt"/>
        <line num="48" count="2" type="stmt"/>
        <line num="53" count="2" type="stmt"/>
        <line num="57" count="2" type="stmt"/>
        <line num="58" count="0" type="stmt"/>
        <line num="59" count="0" type="cond" truecount="0" falsecount="2"/>
        <line num="60" count="0" type="stmt"/>
        <line num="62" count="0" type="stmt"/>
        <line num="63" count="0" type="stmt"/>
        <line num="65" count="0" type="stmt"/>
        <line num="66" count="0" type="stmt"/>
        <line num="69" count="0" type="stmt"/>
      </file>
    </package>
    <package name="api">
      <metrics statements="10" coveredstatements="4" conditionals="0" coveredconditionals="0" methods="6" coveredmethods="0"/>
      <file name="index.js" path="/Users/lucasmichaeli/Documents/Formation-Capsens/React/redux-saga-exercise/src/api/index.js">
        <metrics statements="10" coveredstatements="4" conditionals="0" coveredconditionals="0" methods="6" coveredmethods="0"/>
        <line num="5" count="2" type="stmt"/>
        <line num="7" count="2" type="stmt"/>
        <line num="13" count="2" type="stmt"/>
        <line num="14" count="0" type="stmt"/>
        <line num="18" count="0" type="stmt"/>
        <line num="19" count="0" type="stmt"/>
        <line num="22" count="2" type="stmt"/>
        <line num="23" count="0" type="stmt"/>
        <line num="27" count="0" type="stmt"/>
        <line num="29" count="0" type="stmt"/>
      </file>
    </package>
    <package name="components.Navigations.Menus">
      <metrics statements="6" coveredstatements="4" conditionals="0" coveredconditionals="0" methods="3" coveredmethods="2"/>
      <file name="Beersliked.jsx" path="/Users/lucasmichaeli/Documents/Formation-Capsens/React/redux-saga-exercise/src/components/Navigations/Menus/Beersliked.jsx">
        <metrics statements="6" coveredstatements="4" conditionals="0" coveredconditionals="0" methods="3" coveredmethods="2"/>
        <line num="7" count="1" type="stmt"/>
        <line num="8" count="2" type="stmt"/>
        <line num="9" count="2" type="stmt"/>
        <line num="12" count="0" type="stmt"/>
        <line num="13" count="0" type="stmt"/>
        <line num="21" count="2" type="stmt"/>
      </file>
    </package>
    <package name="config">
      <metrics statements="2" coveredstatements="2" conditionals="0" coveredconditionals="0" methods="0" coveredmethods="0"/>
      <file name="index.js" path="/Users/lucasmichaeli/Documents/Formation-Capsens/React/redux-saga-exercise/src/config/index.js">
        <metrics statements="2" coveredstatements="2" conditionals="0" coveredconditionals="0" methods="0" coveredmethods="0"/>
        <line num="2" count="2" type="stmt"/>
        <line num="3" count="2" type="stmt"/>
      </file>
    </package>
    <package name="reducers">
      <metrics statements="18" coveredstatements="13" conditionals="13" coveredconditionals="8" methods="4" coveredmethods="4"/>
      <file name="beer.js" path="/Users/lucasmichaeli/Documents/Formation-Capsens/React/redux-saga-exercise/src/reducers/beer.js">
        <metrics statements="4" coveredstatements="3" conditionals="3" coveredconditionals="2" methods="1" coveredmethods="1"/>
        <line num="3" count="1" type="cond" truecount="1" falsecount="0"/>
        <line num="4" count="3" type="cond" truecount="1" falsecount="1"/>
        <line num="6" count="0" type="stmt"/>
        <line num="11" count="3" type="stmt"/>
      </file>
      <file name="beers.js" path="/Users/lucasmichaeli/Documents/Formation-Capsens/React/redux-saga-exercise/src/reducers/beers.js">
        <metrics statements="5" coveredstatements="3" conditionals="4" coveredconditionals="2" methods="1" coveredmethods="1"/>
        <line num="3" count="1" type="cond" truecount="1" falsecount="0"/>
        <line num="4" count="3" type="cond" truecount="1" falsecount="2"/>
        <line num="7" count="0" type="stmt"/>
        <line num="13" count="0" type="stmt"/>
        <line num="18" count="3" type="stmt"/>
      </file>
      <file name="index.js" path="/Users/lucasmichaeli/Documents/Formation-Capsens/React/redux-saga-exercise/src/reducers/index.js">
        <metrics statements="1" coveredstatements="1" conditionals="0" coveredconditionals="0" methods="0" coveredmethods="0"/>
        <line num="8" count="1" type="stmt"/>
      </file>
      <file name="likesReducer.js" path="/Users/lucasmichaeli/Documents/Formation-Capsens/React/redux-saga-exercise/src/reducers/likesReducer.js">
        <metrics statements="4" coveredstatements="3" conditionals="3" coveredconditionals="2" methods="1" coveredmethods="1"/>
        <line num="3" count="1" type="cond" truecount="1" falsecount="0"/>
        <line num="4" count="3" type="cond" truecount="1" falsecount="1"/>
        <line num="6" count="0" type="stmt"/>
        <line num="12" count="3" type="stmt"/>
      </file>
      <file name="settings.js" path="/Users/lucasmichaeli/Documents/Formation-Capsens/React/redux-saga-exercise/src/reducers/settings.js">
        <metrics statements="4" coveredstatements="3" conditionals="3" coveredconditionals="2" methods="1" coveredmethods="1"/>
        <line num="3" count="1" type="cond" truecount="1" falsecount="0"/>
        <line num="4" count="3" type="cond" truecount="1" falsecount="1"/>
        <line num="6" count="0" type="stmt"/>
        <line num="8" count="3" type="stmt"/>
      </file>
    </package>
    <package name="sagas">
      <metrics statements="22" coveredstatements="6" conditionals="2" coveredconditionals="0" methods="4" coveredmethods="2"/>
      <file name="addBeerLikeSaga.js" path="/Users/lucasmichaeli/Documents/Formation-Capsens/React/redux-saga-exercise/src/sagas/addBeerLikeSaga.js">
        <metrics statements="3" coveredstatements="3" conditionals="0" coveredconditionals="0" methods="1" coveredmethods="1"/>
        <line num="7" count="1" type="stmt"/>
        <line num="10" count="1" type="stmt"/>
        <line num="11" count="1" type="stmt"/>
      </file>
      <file name="index.js" path="/Users/lucasmichaeli/Documents/Formation-Capsens/React/redux-saga-exercise/src/sagas/index.js">
        <metrics statements="3" coveredstatements="3" conditionals="0" coveredconditionals="0" methods="1" coveredmethods="1"/>
        <line num="9" count="1" type="stmt"/>
        <line num="10" count="1" type="stmt"/>
        <line num="11" count="1" type="stmt"/>
      </file>
      <file name="sagaBeers.js" path="/Users/lucasmichaeli/Documents/Formation-Capsens/React/redux-saga-exercise/src/sagas/sagaBeers.js">
        <metrics statements="12" coveredstatements="0" conditionals="2" coveredconditionals="0" methods="1" coveredmethods="0"/>
        <line num="8" count="0" type="stmt"/>
        <line num="9" count="0" type="stmt"/>
        <line num="10" count="0" type="stmt"/>
        <line num="12" count="0" type="cond" truecount="0" falsecount="2"/>
        <line num="13" count="0" type="stmt"/>
        <line num="16" count="0" type="stmt"/>
        <line num="17" count="0" type="stmt"/>
        <line num="19" count="0" type="stmt"/>
        <line num="20" count="0" type="stmt"/>
        <line num="21" count="0" type="stmt"/>
        <line num="24" count="0" type="stmt"/>
        <line num="29" count="0" type="stmt"/>
      </file>
      <file name="sagaSession.js" path="/Users/lucasmichaeli/Documents/Formation-Capsens/React/redux-saga-exercise/src/sagas/sagaSession.js">
        <metrics statements="4" coveredstatements="0" conditionals="0" coveredconditionals="0" methods="1" coveredmethods="0"/>
        <line num="7" count="0" type="stmt"/>
        <line num="8" count="0" type="stmt"/>
        <line num="9" count="0" type="stmt"/>
        <line num="11" count="0" type="stmt"/>
      </file>
    </package>
    <package name="selectors">
      <metrics statements="6" coveredstatements="3" conditionals="0" coveredconditionals="0" methods="3" coveredmethods="0"/>
      <file name="index.js" path="/Users/lucasmichaeli/Documents/Formation-Capsens/React/redux-saga-exercise/src/selectors/index.js">
        <metrics statements="6" coveredstatements="3" conditionals="0" coveredconditionals="0" methods="3" coveredmethods="0"/>
        <line num="1" count="2" type="stmt"/>
        <line num="2" count="0" type="stmt"/>
        <line num="5" count="2" type="stmt"/>
        <line num="6" count="0" type="stmt"/>
        <line num="9" count="2" type="stmt"/>
        <line num="10" count="0" type="stmt"/>
      </file>
    </package>
    <package name="store">
      <metrics statements="6" coveredstatements="6" conditionals="0" coveredconditionals="0" methods="1" coveredmethods="1"/>
      <file name="configureStore.dev.js" path="/Users/lucasmichaeli/Documents/Formation-Capsens/React/redux-saga-exercise/src/store/configureStore.dev.js">
        <metrics statements="4" coveredstatements="4" conditionals="0" coveredconditionals="0" methods="1" coveredmethods="1"/>
        <line num="8" count="1" type="stmt"/>
        <line num="9" count="1" type="stmt"/>
        <line num="10" count="1" type="stmt"/>
        <line num="15" count="1" type="stmt"/>
      </file>
      <file name="index.js" path="/Users/lucasmichaeli/Documents/Formation-Capsens/React/redux-saga-exercise/src/store/index.js">
        <metrics statements="2" coveredstatements="2" conditionals="0" coveredconditionals="0" methods="0" coveredmethods="0"/>
        <line num="4" count="1" type="stmt"/>
        <line num="5" count="1" type="stmt"/>
      </file>
    </package>
    <package name="utils">
      <metrics statements="3" coveredstatements="1" conditionals="0" coveredconditionals="0" methods="2" coveredmethods="0"/>
      <file name="getInfoBeer.js" path="/Users/lucasmichaeli/Documents/Formation-Capsens/React/redux-saga-exercise/src/utils/getInfoBeer.js">
        <metrics statements="3" coveredstatements="1" conditionals="0" coveredconditionals="0" methods="2" coveredmethods="0"/>
        <line num="1" count="1" type="stmt"/>
        <line num="2" count="0" type="stmt"/>
        <line num="3" count="0" type="stmt"/>
      </file>
    </package>
  </project>
</coverage>
