{"/Users/lucasmichaeli/Documents/Formation-Capsens/React/redux-saga-exercise/src/actions/index.js": {"path":"/Users/lucasmichaeli/Documents/Formation-Capsens/React/redux-saga-exercise/src/actions/index.js","statementMap":{"0":{"start":{"line":4,"column":34},"end":{"line":4,"column":54}},"1":{"start":{"line":5,"column":27},"end":{"line":5,"column":40}},"2":{"start":{"line":6,"column":30},"end":{"line":6,"column":46}},"3":{"start":{"line":7,"column":29},"end":{"line":7,"column":44}},"4":{"start":{"line":8,"column":31},"end":{"line":8,"column":48}},"5":{"start":{"line":9,"column":29},"end":{"line":9,"column":44}},"6":{"start":{"line":10,"column":24},"end":{"line":10,"column":34}},"7":{"start":{"line":11,"column":28},"end":{"line":11,"column":43}},"8":{"start":{"line":14,"column":30},"end":{"line":17,"column":2}},"9":{"start":{"line":14,"column":44},"end":{"line":17,"column":1}},"10":{"start":{"line":19,"column":29},"end":{"line":22,"column":2}},"11":{"start":{"line":19,"column":46},"end":{"line":22,"column":1}},"12":{"start":{"line":24,"column":28},"end":{"line":27,"column":2}},"13":{"start":{"line":24,"column":40},"end":{"line":27,"column":1}},"14":{"start":{"line":29,"column":35},"end":{"line":32,"column":2}},"15":{"start":{"line":29,"column":54},"end":{"line":32,"column":1}},"16":{"start":{"line":34,"column":23},"end":{"line":37,"column":2}},"17":{"start":{"line":34,"column":36},"end":{"line":37,"column":1}},"18":{"start":{"line":39,"column":28},"end":{"line":42,"column":2}},"19":{"start":{"line":39,"column":41},"end":{"line":42,"column":1}},"20":{"start":{"line":48,"column":34},"end":{"line":50,"column":2}},"21":{"start":{"line":48,"column":41},"end":{"line":50,"column":1}},"22":{"start":{"line":53,"column":32},"end":{"line":55,"column":2}},"23":{"start":{"line":53,"column":39},"end":{"line":55,"column":1}},"24":{"start":{"line":57,"column":26},"end":{"line":71,"column":1}},"25":{"start":{"line":57,"column":32},"end":{"line":71,"column":1}},"26":{"start":{"line":58,"column":16},"end":{"line":58,"column":26}},"27":{"start":{"line":59,"column":2},"end":{"line":61,"column":3}},"28":{"start":{"line":60,"column":4},"end":{"line":60,"column":10}},"29":{"start":{"line":62,"column":2},"end":{"line":62,"column":31}},"30":{"start":{"line":63,"column":2},"end":{"line":70,"column":6}},"31":{"start":{"line":65,"column":6},"end":{"line":65,"column":36}},"32":{"start":{"line":66,"column":6},"end":{"line":67,"column":5}},"33":{"start":{"line":69,"column":6},"end":{"line":69,"column":36}}},"fnMap":{"0":{"name":"(anonymous_0)","decl":{"start":{"line":14,"column":30},"end":{"line":14,"column":31}},"loc":{"start":{"line":14,"column":44},"end":{"line":17,"column":1}},"line":14},"1":{"name":"(anonymous_1)","decl":{"start":{"line":19,"column":29},"end":{"line":19,"column":30}},"loc":{"start":{"line":19,"column":46},"end":{"line":22,"column":1}},"line":19},"2":{"name":"(anonymous_2)","decl":{"start":{"line":24,"column":28},"end":{"line":24,"column":29}},"loc":{"start":{"line":24,"column":40},"end":{"line":27,"column":1}},"line":24},"3":{"name":"(anonymous_3)","decl":{"start":{"line":29,"column":35},"end":{"line":29,"column":36}},"loc":{"start":{"line":29,"column":54},"end":{"line":32,"column":1}},"line":29},"4":{"name":"(anonymous_4)","decl":{"start":{"line":34,"column":23},"end":{"line":34,"column":24}},"loc":{"start":{"line":34,"column":36},"end":{"line":37,"column":1}},"line":34},"5":{"name":"(anonymous_5)","decl":{"start":{"line":39,"column":28},"end":{"line":39,"column":29}},"loc":{"start":{"line":39,"column":41},"end":{"line":42,"column":1}},"line":39},"6":{"name":"(anonymous_6)","decl":{"start":{"line":48,"column":34},"end":{"line":48,"column":35}},"loc":{"start":{"line":48,"column":41},"end":{"line":50,"column":1}},"line":48},"7":{"name":"(anonymous_7)","decl":{"start":{"line":53,"column":32},"end":{"line":53,"column":33}},"loc":{"start":{"line":53,"column":39},"end":{"line":55,"column":1}},"line":53},"8":{"name":"(anonymous_8)","decl":{"start":{"line":57,"column":26},"end":{"line":57,"column":27}},"loc":{"start":{"line":57,"column":32},"end":{"line":71,"column":1}},"line":57},"9":{"name":"(anonymous_9)","decl":{"start":{"line":57,"column":32},"end":{"line":57,"column":33}},"loc":{"start":{"line":57,"column":56},"end":{"line":71,"column":1}},"line":57},"10":{"name":"(anonymous_10)","decl":{"start":{"line":64,"column":10},"end":{"line":64,"column":11}},"loc":{"start":{"line":64,"column":21},"end":{"line":68,"column":5}},"line":64},"11":{"name":"(anonymous_11)","decl":{"start":{"line":68,"column":13},"end":{"line":68,"column":14}},"loc":{"start":{"line":68,"column":19},"end":{"line":70,"column":5}},"line":68}},"branchMap":{"0":{"loc":{"start":{"line":59,"column":2},"end":{"line":61,"column":3}},"type":"if","locations":[{"start":{"line":59,"column":2},"end":{"line":61,"column":3}},{"start":{},"end":{}}],"line":59}},"s":{"0":2,"1":2,"2":2,"3":2,"4":2,"5":2,"6":2,"7":2,"8":2,"9":0,"10":2,"11":0,"12":2,"13":0,"14":2,"15":2,"16":2,"17":0,"18":2,"19":1,"20":2,"21":0,"22":2,"23":0,"24":2,"25":0,"26":0,"27":0,"28":0,"29":0,"30":0,"31":0,"32":0,"33":0},"f":{"0":0,"1":0,"2":0,"3":2,"4":0,"5":1,"6":0,"7":0,"8":0,"9":0,"10":0,"11":0},"b":{"0":[0,0]},"_coverageSchema":"1a1c01bbd47fc00a2c39e90264f33305004495a9","hash":"247296db9f443d1159c93fdd43a66b3902b5ce2a"}
,"/Users/lucasmichaeli/Documents/Formation-Capsens/React/redux-saga-exercise/src/api/index.js": {"path":"/Users/lucasmichaeli/Documents/Formation-Capsens/React/redux-saga-exercise/src/api/index.js","statementMap":{"0":{"start":{"line":5,"column":0},"end":{"line":5,"column":18}},"1":{"start":{"line":7,"column":23},"end":{"line":11,"column":1}},"2":{"start":{"line":13,"column":28},"end":{"line":20,"column":1}},"3":{"start":{"line":14,"column":2},"end":{"line":19,"column":27}},"4":{"start":{"line":18,"column":20},"end":{"line":18,"column":35}},"5":{"start":{"line":19,"column":19},"end":{"line":19,"column":26}},"6":{"start":{"line":22,"column":24},"end":{"line":30,"column":1}},"7":{"start":{"line":23,"column":2},"end":{"line":29,"column":23}},"8":{"start":{"line":27,"column":4},"end":{"line":27,"column":19}},"9":{"start":{"line":29,"column":17},"end":{"line":29,"column":22}}},"fnMap":{"0":{"name":"(anonymous_0)","decl":{"start":{"line":13,"column":28},"end":{"line":13,"column":29}},"loc":{"start":{"line":14,"column":2},"end":{"line":19,"column":27}},"line":14},"1":{"name":"(anonymous_1)","decl":{"start":{"line":18,"column":8},"end":{"line":18,"column":9}},"loc":{"start":{"line":18,"column":20},"end":{"line":18,"column":35}},"line":18},"2":{"name":"(anonymous_2)","decl":{"start":{"line":19,"column":8},"end":{"line":19,"column":9}},"loc":{"start":{"line":19,"column":19},"end":{"line":19,"column":26}},"line":19},"3":{"name":"(anonymous_3)","decl":{"start":{"line":22,"column":24},"end":{"line":22,"column":25}},"loc":{"start":{"line":23,"column":2},"end":{"line":29,"column":23}},"line":23},"4":{"name":"(anonymous_4)","decl":{"start":{"line":26,"column":10},"end":{"line":26,"column":11}},"loc":{"start":{"line":27,"column":4},"end":{"line":27,"column":19}},"line":27},"5":{"name":"(anonymous_5)","decl":{"start":{"line":29,"column":8},"end":{"line":29,"column":9}},"loc":{"start":{"line":29,"column":17},"end":{"line":29,"column":22}},"line":29}},"branchMap":{},"s":{"0":2,"1":2,"2":2,"3":0,"4":0,"5":0,"6":2,"7":0,"8":0,"9":0},"f":{"0":0,"1":0,"2":0,"3":0,"4":0,"5":0},"b":{},"_coverageSchema":"1a1c01bbd47fc00a2c39e90264f33305004495a9","hash":"783f18df1c6c01b394a50efd42924b4908de2b5d"}
,"/Users/lucasmichaeli/Documents/Formation-Capsens/React/redux-saga-exercise/src/components/Navigations/Menus/Beersliked.jsx": {"path":"/Users/lucasmichaeli/Documents/Formation-Capsens/React/redux-saga-exercise/src/components/Navigations/Menus/Beersliked.jsx","statementMap":{"0":{"start":{"line":7,"column":19},"end":{"line":19,"column":1}},"1":{"start":{"line":8,"column":2},"end":{"line":8,"column":20}},"2":{"start":{"line":9,"column":2},"end":{"line":18,"column":3}},"3":{"start":{"line":12,"column":26},"end":{"line":12,"column":71}},"4":{"start":{"line":13,"column":8},"end":{"line":15,"column":9}},"5":{"start":{"line":21,"column":24},"end":{"line":24,"column":2}},"6":{"start":{"line":21,"column":36},"end":{"line":24,"column":1}}},"fnMap":{"0":{"name":"(anonymous_0)","decl":{"start":{"line":7,"column":19},"end":{"line":7,"column":20}},"loc":{"start":{"line":7,"column":30},"end":{"line":19,"column":1}},"line":7},"1":{"name":"(anonymous_1)","decl":{"start":{"line":11,"column":28},"end":{"line":11,"column":29}},"loc":{"start":{"line":11,"column":40},"end":{"line":16,"column":7}},"line":11},"2":{"name":"(anonymous_2)","decl":{"start":{"line":21,"column":24},"end":{"line":21,"column":25}},"loc":{"start":{"line":21,"column":36},"end":{"line":24,"column":1}},"line":21}},"branchMap":{},"s":{"0":1,"1":2,"2":2,"3":0,"4":0,"5":1,"6":2},"f":{"0":2,"1":0,"2":2},"b":{},"_coverageSchema":"1a1c01bbd47fc00a2c39e90264f33305004495a9","hash":"11fc2eb217c74b83743675655da5db2f36647639"}
,"/Users/lucasmichaeli/Documents/Formation-Capsens/React/redux-saga-exercise/src/config/index.js": {"path":"/Users/lucasmichaeli/Documents/Formation-Capsens/React/redux-saga-exercise/src/config/index.js","statementMap":{"0":{"start":{"line":2,"column":28},"end":{"line":2,"column":51}},"1":{"start":{"line":3,"column":35},"end":{"line":3,"column":37}}},"fnMap":{},"branchMap":{},"s":{"0":2,"1":2},"f":{},"b":{},"_coverageSchema":"1a1c01bbd47fc00a2c39e90264f33305004495a9","hash":"c483bc82eec1e0809e7af7d9e551d0a372009f11"}
,"/Users/lucasmichaeli/Documents/Formation-Capsens/React/redux-saga-exercise/src/reducers/beer.js": {"path":"/Users/lucasmichaeli/Documents/Formation-Capsens/React/redux-saga-exercise/src/reducers/beer.js","statementMap":{"0":{"start":{"line":3,"column":13},"end":{"line":13,"column":1}},"1":{"start":{"line":4,"column":2},"end":{"line":12,"column":3}},"2":{"start":{"line":6,"column":6},"end":{"line":9,"column":8}},"3":{"start":{"line":11,"column":6},"end":{"line":11,"column":19}}},"fnMap":{"0":{"name":"(anonymous_0)","decl":{"start":{"line":3,"column":13},"end":{"line":3,"column":14}},"loc":{"start":{"line":3,"column":54},"end":{"line":13,"column":1}},"line":3}},"branchMap":{"0":{"loc":{"start":{"line":3,"column":14},"end":{"line":3,"column":41}},"type":"default-arg","locations":[{"start":{"line":3,"column":22},"end":{"line":3,"column":41}}],"line":3},"1":{"loc":{"start":{"line":4,"column":2},"end":{"line":12,"column":3}},"type":"switch","locations":[{"start":{"line":5,"column":4},"end":{"line":9,"column":8}},{"start":{"line":10,"column":4},"end":{"line":11,"column":19}}],"line":4}},"s":{"0":1,"1":3,"2":0,"3":3},"f":{"0":3},"b":{"0":[3],"1":[0,3]},"_coverageSchema":"1a1c01bbd47fc00a2c39e90264f33305004495a9","hash":"afe4b2e17d67a5b30c4b787fe5e884e75dadbdd2"}
,"/Users/lucasmichaeli/Documents/Formation-Capsens/React/redux-saga-exercise/src/reducers/beers.js": {"path":"/Users/lucasmichaeli/Documents/Formation-Capsens/React/redux-saga-exercise/src/reducers/beers.js","statementMap":{"0":{"start":{"line":3,"column":14},"end":{"line":20,"column":1}},"1":{"start":{"line":4,"column":2},"end":{"line":19,"column":3}},"2":{"start":{"line":7,"column":6},"end":{"line":10,"column":8}},"3":{"start":{"line":13,"column":6},"end":{"line":16,"column":8}},"4":{"start":{"line":18,"column":6},"end":{"line":18,"column":19}}},"fnMap":{"0":{"name":"(anonymous_0)","decl":{"start":{"line":3,"column":14},"end":{"line":3,"column":15}},"loc":{"start":{"line":3,"column":67},"end":{"line":20,"column":1}},"line":3}},"branchMap":{"0":{"loc":{"start":{"line":3,"column":15},"end":{"line":3,"column":54}},"type":"default-arg","locations":[{"start":{"line":3,"column":23},"end":{"line":3,"column":54}}],"line":3},"1":{"loc":{"start":{"line":4,"column":2},"end":{"line":19,"column":3}},"type":"switch","locations":[{"start":{"line":5,"column":4},"end":{"line":11,"column":5}},{"start":{"line":12,"column":4},"end":{"line":16,"column":8}},{"start":{"line":17,"column":4},"end":{"line":18,"column":19}}],"line":4}},"s":{"0":1,"1":3,"2":0,"3":0,"4":3},"f":{"0":3},"b":{"0":[3],"1":[0,0,3]},"_coverageSchema":"1a1c01bbd47fc00a2c39e90264f33305004495a9","hash":"f5e0b9bd514dc1eb99ca9eb3807d2955acd123e4"}
,"/Users/lucasmichaeli/Documents/Formation-Capsens/React/redux-saga-exercise/src/reducers/index.js": {"path":"/Users/lucasmichaeli/Documents/Formation-Capsens/React/redux-saga-exercise/src/reducers/index.js","statementMap":{"0":{"start":{"line":8,"column":17},"end":{"line":13,"column":2}}},"fnMap":{},"branchMap":{},"s":{"0":1},"f":{},"b":{},"_coverageSchema":"1a1c01bbd47fc00a2c39e90264f33305004495a9","hash":"a9eab6d3d4c86475376b840543771ae606f8e9e9"}
,"/Users/lucasmichaeli/Documents/Formation-Capsens/React/redux-saga-exercise/src/reducers/likesReducer.js": {"path":"/Users/lucasmichaeli/Documents/Formation-Capsens/React/redux-saga-exercise/src/reducers/likesReducer.js","statementMap":{"0":{"start":{"line":3,"column":14},"end":{"line":14,"column":1}},"1":{"start":{"line":4,"column":4},"end":{"line":13,"column":5}},"2":{"start":{"line":6,"column":12},"end":{"line":9,"column":14}},"3":{"start":{"line":12,"column":12},"end":{"line":12,"column":25}}},"fnMap":{"0":{"name":"(anonymous_0)","decl":{"start":{"line":3,"column":14},"end":{"line":3,"column":15}},"loc":{"start":{"line":3,"column":49},"end":{"line":14,"column":1}},"line":3}},"branchMap":{"0":{"loc":{"start":{"line":3,"column":15},"end":{"line":3,"column":35}},"type":"default-arg","locations":[{"start":{"line":3,"column":23},"end":{"line":3,"column":35}}],"line":3},"1":{"loc":{"start":{"line":4,"column":4},"end":{"line":13,"column":5}},"type":"switch","locations":[{"start":{"line":5,"column":8},"end":{"line":10,"column":9}},{"start":{"line":11,"column":8},"end":{"line":12,"column":25}}],"line":4}},"s":{"0":1,"1":3,"2":0,"3":3},"f":{"0":3},"b":{"0":[3],"1":[0,3]},"_coverageSchema":"1a1c01bbd47fc00a2c39e90264f33305004495a9","hash":"216b8b9d6858569e6cd2e327b4e6c58aca3a5912"}
,"/Users/lucasmichaeli/Documents/Formation-Capsens/React/redux-saga-exercise/src/reducers/settings.js": {"path":"/Users/lucasmichaeli/Documents/Formation-Capsens/React/redux-saga-exercise/src/reducers/settings.js","statementMap":{"0":{"start":{"line":3,"column":17},"end":{"line":10,"column":1}},"1":{"start":{"line":4,"column":2},"end":{"line":9,"column":3}},"2":{"start":{"line":6,"column":6},"end":{"line":6,"column":51}},"3":{"start":{"line":8,"column":6},"end":{"line":8,"column":19}}},"fnMap":{"0":{"name":"(anonymous_0)","decl":{"start":{"line":3,"column":17},"end":{"line":3,"column":18}},"loc":{"start":{"line":3,"column":54},"end":{"line":10,"column":1}},"line":3}},"branchMap":{"0":{"loc":{"start":{"line":3,"column":18},"end":{"line":3,"column":41}},"type":"default-arg","locations":[{"start":{"line":3,"column":26},"end":{"line":3,"column":41}}],"line":3},"1":{"loc":{"start":{"line":4,"column":2},"end":{"line":9,"column":3}},"type":"switch","locations":[{"start":{"line":5,"column":4},"end":{"line":6,"column":51}},{"start":{"line":7,"column":4},"end":{"line":8,"column":19}}],"line":4}},"s":{"0":1,"1":3,"2":0,"3":3},"f":{"0":3},"b":{"0":[3],"1":[0,3]},"_coverageSchema":"1a1c01bbd47fc00a2c39e90264f33305004495a9","hash":"a2b92036498681b921bf2d12d9d1e3ac98e56186"}
,"/Users/lucasmichaeli/Documents/Formation-Capsens/React/redux-saga-exercise/src/sagas/addBeerLikeSaga.js": {"path":"/Users/lucasmichaeli/Documents/Formation-Capsens/React/redux-saga-exercise/src/sagas/addBeerLikeSaga.js","statementMap":{"0":{"start":{"line":7,"column":4},"end":{"line":7,"column":61}},"1":{"start":{"line":10,"column":25},"end":{"line":10,"column":54}},"2":{"start":{"line":11,"column":4},"end":{"line":11,"column":53}}},"fnMap":{"0":{"name":"addLikesSaga","decl":{"start":{"line":6,"column":25},"end":{"line":6,"column":37}},"loc":{"start":{"line":6,"column":47},"end":{"line":12,"column":1}},"line":6}},"branchMap":{},"s":{"0":1,"1":1,"2":1},"f":{"0":1},"b":{},"_coverageSchema":"1a1c01bbd47fc00a2c39e90264f33305004495a9","hash":"1e455c9156c68c64d5c48be4651019ee29ae067a"}
,"/Users/lucasmichaeli/Documents/Formation-Capsens/React/redux-saga-exercise/src/sagas/index.js": {"path":"/Users/lucasmichaeli/Documents/Formation-Capsens/React/redux-saga-exercise/src/sagas/index.js","statementMap":{"0":{"start":{"line":9,"column":4},"end":{"line":9,"column":55}},"1":{"start":{"line":10,"column":4},"end":{"line":10,"column":60}},"2":{"start":{"line":11,"column":4},"end":{"line":11,"column":45}}},"fnMap":{"0":{"name":"rootSaga","decl":{"start":{"line":8,"column":25},"end":{"line":8,"column":33}},"loc":{"start":{"line":8,"column":36},"end":{"line":12,"column":1}},"line":8}},"branchMap":{},"s":{"0":1,"1":1,"2":1},"f":{"0":1},"b":{},"_coverageSchema":"1a1c01bbd47fc00a2c39e90264f33305004495a9","hash":"adce91e7fc07bb81fb3b284e772d0f1a6109ba45"}
,"/Users/lucasmichaeli/Documents/Formation-Capsens/React/redux-saga-exercise/src/sagas/sagaBeers.js": {"path":"/Users/lucasmichaeli/Documents/Formation-Capsens/React/redux-saga-exercise/src/sagas/sagaBeers.js","statementMap":{"0":{"start":{"line":8,"column":2},"end":{"line":30,"column":3}},"1":{"start":{"line":9,"column":26},"end":{"line":9,"column":55}},"2":{"start":{"line":10,"column":25},"end":{"line":10,"column":47}},"3":{"start":{"line":12,"column":4},"end":{"line":14,"column":5}},"4":{"start":{"line":13,"column":6},"end":{"line":13,"column":12}},"5":{"start":{"line":16,"column":4},"end":{"line":16,"column":56}},"6":{"start":{"line":17,"column":18},"end":{"line":17,"column":63}},"7":{"start":{"line":19,"column":4},"end":{"line":25,"column":5}},"8":{"start":{"line":20,"column":6},"end":{"line":20,"column":59}},"9":{"start":{"line":21,"column":6},"end":{"line":21,"column":53}},"10":{"start":{"line":24,"column":6},"end":{"line":24,"column":59}},"11":{"start":{"line":29,"column":4},"end":{"line":29,"column":23}}},"fnMap":{"0":{"name":"fetchBeersSaga","decl":{"start":{"line":7,"column":17},"end":{"line":7,"column":31}},"loc":{"start":{"line":7,"column":33},"end":{"line":31,"column":1}},"line":7}},"branchMap":{"0":{"loc":{"start":{"line":12,"column":4},"end":{"line":14,"column":5}},"type":"if","locations":[{"start":{"line":12,"column":4},"end":{"line":14,"column":5}},{"start":{},"end":{}}],"line":12}},"s":{"0":0,"1":0,"2":0,"3":0,"4":0,"5":0,"6":0,"7":0,"8":0,"9":0,"10":0,"11":0},"f":{"0":0},"b":{"0":[0,0]},"_coverageSchema":"1a1c01bbd47fc00a2c39e90264f33305004495a9","hash":"727ff79222f0889c653e3305f70ac3dc38797c43"}
,"/Users/lucasmichaeli/Documents/Formation-Capsens/React/redux-saga-exercise/src/sagas/sagaSession.js": {"path":"/Users/lucasmichaeli/Documents/Formation-Capsens/React/redux-saga-exercise/src/sagas/sagaSession.js","statementMap":{"0":{"start":{"line":7,"column":2},"end":{"line":12,"column":3}},"1":{"start":{"line":8,"column":20},"end":{"line":8,"column":44}},"2":{"start":{"line":9,"column":4},"end":{"line":9,"column":50}},"3":{"start":{"line":11,"column":4},"end":{"line":11,"column":23}}},"fnMap":{"0":{"name":"fetchStartSession","decl":{"start":{"line":6,"column":25},"end":{"line":6,"column":42}},"loc":{"start":{"line":6,"column":45},"end":{"line":13,"column":1}},"line":6}},"branchMap":{},"s":{"0":0,"1":0,"2":0,"3":0},"f":{"0":0},"b":{},"_coverageSchema":"1a1c01bbd47fc00a2c39e90264f33305004495a9","hash":"990d3b1f758aac73a75476775337344bdb742793"}
,"/Users/lucasmichaeli/Documents/Formation-Capsens/React/redux-saga-exercise/src/selectors/index.js": {"path":"/Users/lucasmichaeli/Documents/Formation-Capsens/React/redux-saga-exercise/src/selectors/index.js","statementMap":{"0":{"start":{"line":1,"column":31},"end":{"line":3,"column":1}},"1":{"start":{"line":2,"column":2},"end":{"line":2,"column":24}},"2":{"start":{"line":5,"column":24},"end":{"line":7,"column":1}},"3":{"start":{"line":6,"column":2},"end":{"line":6,"column":16}},"4":{"start":{"line":9,"column":31},"end":{"line":11,"column":1}},"5":{"start":{"line":10,"column":2},"end":{"line":10,"column":25}}},"fnMap":{"0":{"name":"(anonymous_0)","decl":{"start":{"line":1,"column":31},"end":{"line":1,"column":32}},"loc":{"start":{"line":2,"column":2},"end":{"line":2,"column":24}},"line":2},"1":{"name":"(anonymous_1)","decl":{"start":{"line":5,"column":24},"end":{"line":5,"column":25}},"loc":{"start":{"line":6,"column":2},"end":{"line":6,"column":16}},"line":6},"2":{"name":"(anonymous_2)","decl":{"start":{"line":9,"column":31},"end":{"line":9,"column":32}},"loc":{"start":{"line":10,"column":2},"end":{"line":10,"column":25}},"line":10}},"branchMap":{},"s":{"0":2,"1":0,"2":2,"3":0,"4":2,"5":0},"f":{"0":0,"1":0,"2":0},"b":{},"_coverageSchema":"1a1c01bbd47fc00a2c39e90264f33305004495a9","hash":"8fd90ebfb00a6edb0e75ecc67dbca0a14f41b814"}
,"/Users/lucasmichaeli/Documents/Formation-Capsens/React/redux-saga-exercise/src/store/configureStore.dev.js": {"path":"/Users/lucasmichaeli/Documents/Formation-Capsens/React/redux-saga-exercise/src/store/configureStore.dev.js","statementMap":{"0":{"start":{"line":8,"column":23},"end":{"line":19,"column":1}},"1":{"start":{"line":9,"column":25},"end":{"line":9,"column":47}},"2":{"start":{"line":10,"column":16},"end":{"line":13,"column":3}},"3":{"start":{"line":15,"column":2},"end":{"line":18,"column":4}}},"fnMap":{"0":{"name":"(anonymous_0)","decl":{"start":{"line":8,"column":23},"end":{"line":8,"column":24}},"loc":{"start":{"line":8,"column":29},"end":{"line":19,"column":1}},"line":8}},"branchMap":{},"s":{"0":1,"1":1,"2":1,"3":1},"f":{"0":1},"b":{},"_coverageSchema":"1a1c01bbd47fc00a2c39e90264f33305004495a9","hash":"5b0f5f5385c097673d0b6eb1611a5cad1b340015"}
,"/Users/lucasmichaeli/Documents/Formation-Capsens/React/redux-saga-exercise/src/store/index.js": {"path":"/Users/lucasmichaeli/Documents/Formation-Capsens/React/redux-saga-exercise/src/store/index.js","statementMap":{"0":{"start":{"line":4,"column":14},"end":{"line":4,"column":30}},"1":{"start":{"line":5,"column":0},"end":{"line":5,"column":24}}},"fnMap":{},"branchMap":{},"s":{"0":1,"1":1},"f":{},"b":{},"_coverageSchema":"1a1c01bbd47fc00a2c39e90264f33305004495a9","hash":"a180e20752a83ebce051cc3ed9ba919776c5ea85"}
,"/Users/lucasmichaeli/Documents/Formation-Capsens/React/redux-saga-exercise/src/utils/getInfoBeer.js": {"path":"/Users/lucasmichaeli/Documents/Formation-Capsens/React/redux-saga-exercise/src/utils/getInfoBeer.js","statementMap":{"0":{"start":{"line":1,"column":34},"end":{"line":4,"column":1}},"1":{"start":{"line":2,"column":19},"end":{"line":2,"column":60}},"2":{"start":{"line":2,"column":42},"end":{"line":2,"column":59}},"3":{"start":{"line":3,"column":4},"end":{"line":3,"column":17}}},"fnMap":{"0":{"name":"(anonymous_0)","decl":{"start":{"line":1,"column":34},"end":{"line":1,"column":35}},"loc":{"start":{"line":1,"column":57},"end":{"line":4,"column":1}},"line":1},"1":{"name":"(anonymous_1)","decl":{"start":{"line":2,"column":34},"end":{"line":2,"column":35}},"loc":{"start":{"line":2,"column":42},"end":{"line":2,"column":59}},"line":2}},"branchMap":{},"s":{"0":1,"1":0,"2":0,"3":0},"f":{"0":0,"1":0},"b":{},"_coverageSchema":"1a1c01bbd47fc00a2c39e90264f33305004495a9","hash":"6ca0f31ba41258fc923da06eb1b77887713edebe"}
}
