TN:
SF:src/actions/index.js
FN:14,(anonymous_0)
FN:19,(anonymous_1)
FN:24,(anonymous_2)
FN:29,(anonymous_3)
FN:34,(anonymous_4)
FN:39,(anonymous_5)
FN:48,(anonymous_6)
FN:53,(anonymous_7)
FN:57,(anonymous_8)
FN:57,(anonymous_9)
FN:64,(anonymous_10)
FN:68,(anonymous_11)
FNF:12
FNH:2
FNDA:0,(anonymous_0)
FNDA:0,(anonymous_1)
FNDA:0,(anonymous_2)
FNDA:2,(anonymous_3)
FNDA:0,(anonymous_4)
FNDA:1,(anonymous_5)
FNDA:0,(anonymous_6)
FNDA:0,(anonymous_7)
FNDA:0,(anonymous_8)
FNDA:0,(anonymous_9)
FNDA:0,(anonymous_10)
FNDA:0,(anonymous_11)
DA:4,2
DA:5,2
DA:6,2
DA:7,2
DA:8,2
DA:9,2
DA:10,2
DA:11,2
DA:14,2
DA:19,2
DA:24,2
DA:29,2
DA:34,2
DA:39,2
DA:48,2
DA:53,2
DA:57,2
DA:58,0
DA:59,0
DA:60,0
DA:62,0
DA:63,0
DA:65,0
DA:66,0
DA:69,0
LF:25
LH:17
BRDA:59,0,0,0
BRDA:59,0,1,0
BRF:2
BRH:0
end_of_record
TN:
SF:src/api/index.js
FN:13,(anonymous_0)
FN:18,(anonymous_1)
FN:19,(anonymous_2)
FN:22,(anonymous_3)
FN:26,(anonymous_4)
FN:29,(anonymous_5)
FNF:6
FNH:0
FNDA:0,(anonymous_0)
FNDA:0,(anonymous_1)
FNDA:0,(anonymous_2)
FNDA:0,(anonymous_3)
FNDA:0,(anonymous_4)
FNDA:0,(anonymous_5)
DA:5,2
DA:7,2
DA:13,2
DA:14,0
DA:18,0
DA:19,0
DA:22,2
DA:23,0
DA:27,0
DA:29,0
LF:10
LH:4
BRF:0
BRH:0
end_of_record
TN:
SF:src/components/Navigations/Menus/Beersliked.jsx
FN:7,(anonymous_0)
FN:11,(anonymous_1)
FN:21,(anonymous_2)
FNF:3
FNH:2
FNDA:2,(anonymous_0)
FNDA:0,(anonymous_1)
FNDA:2,(anonymous_2)
DA:7,1
DA:8,2
DA:9,2
DA:12,0
DA:13,0
DA:21,2
LF:6
LH:4
BRF:0
BRH:0
end_of_record
TN:
SF:src/config/index.js
FNF:0
FNH:0
DA:2,2
DA:3,2
LF:2
LH:2
BRF:0
BRH:0
end_of_record
TN:
SF:src/reducers/beer.js
FN:3,(anonymous_0)
FNF:1
FNH:1
FNDA:3,(anonymous_0)
DA:3,1
DA:4,3
DA:6,0
DA:11,3
LF:4
LH:3
BRDA:3,0,0,3
BRDA:4,1,0,0
BRDA:4,1,1,3
BRF:3
BRH:2
end_of_record
TN:
SF:src/reducers/beers.js
FN:3,(anonymous_0)
FNF:1
FNH:1
FNDA:3,(anonymous_0)
DA:3,1
DA:4,3
DA:7,0
DA:13,0
DA:18,3
LF:5
LH:3
BRDA:3,0,0,3
BRDA:4,1,0,0
BRDA:4,1,1,0
BRDA:4,1,2,3
BRF:4
BRH:2
end_of_record
TN:
SF:src/reducers/index.js
FNF:0
FNH:0
DA:8,1
LF:1
LH:1
BRF:0
BRH:0
end_of_record
TN:
SF:src/reducers/likesReducer.js
FN:3,(anonymous_0)
FNF:1
FNH:1
FNDA:3,(anonymous_0)
DA:3,1
DA:4,3
DA:6,0
DA:12,3
LF:4
LH:3
BRDA:3,0,0,3
BRDA:4,1,0,0
BRDA:4,1,1,3
BRF:3
BRH:2
end_of_record
TN:
SF:src/reducers/settings.js
FN:3,(anonymous_0)
FNF:1
FNH:1
FNDA:3,(anonymous_0)
DA:3,1
DA:4,3
DA:6,0
DA:8,3
LF:4
LH:3
BRDA:3,0,0,3
BRDA:4,1,0,0
BRDA:4,1,1,3
BRF:3
BRH:2
end_of_record
TN:
SF:src/sagas/addBeerLikeSaga.js
FN:6,addLikesSaga
FNF:1
FNH:1
FNDA:1,addLikesSaga
DA:7,1
DA:10,1
DA:11,1
LF:3
LH:3
BRF:0
BRH:0
end_of_record
TN:
SF:src/sagas/index.js
FN:8,rootSaga
FNF:1
FNH:1
FNDA:1,rootSaga
DA:9,1
DA:10,1
DA:11,1
LF:3
LH:3
BRF:0
BRH:0
end_of_record
TN:
SF:src/sagas/sagaBeers.js
FN:7,fetchBeersSaga
FNF:1
FNH:0
FNDA:0,fetchBeersSaga
DA:8,0
DA:9,0
DA:10,0
DA:12,0
DA:13,0
DA:16,0
DA:17,0
DA:19,0
DA:20,0
DA:21,0
DA:24,0
DA:29,0
LF:12
LH:0
BRDA:12,0,0,0
BRDA:12,0,1,0
BRF:2
BRH:0
end_of_record
TN:
SF:src/sagas/sagaSession.js
FN:6,fetchStartSession
FNF:1
FNH:0
FNDA:0,fetchStartSession
DA:7,0
DA:8,0
DA:9,0
DA:11,0
LF:4
LH:0
BRF:0
BRH:0
end_of_record
TN:
SF:src/selectors/index.js
FN:1,(anonymous_0)
FN:5,(anonymous_1)
FN:9,(anonymous_2)
FNF:3
FNH:0
FNDA:0,(anonymous_0)
FNDA:0,(anonymous_1)
FNDA:0,(anonymous_2)
DA:1,2
DA:2,0
DA:5,2
DA:6,0
DA:9,2
DA:10,0
LF:6
LH:3
BRF:0
BRH:0
end_of_record
TN:
SF:src/store/configureStore.dev.js
FN:8,(anonymous_0)
FNF:1
FNH:1
FNDA:1,(anonymous_0)
DA:8,1
DA:9,1
DA:10,1
DA:15,1
LF:4
LH:4
BRF:0
BRH:0
end_of_record
TN:
SF:src/store/index.js
FNF:0
FNH:0
DA:4,1
DA:5,1
LF:2
LH:2
BRF:0
BRH:0
end_of_record
TN:
SF:src/utils/getInfoBeer.js
FN:1,(anonymous_0)
FN:2,(anonymous_1)
FNF:2
FNH:0
FNDA:0,(anonymous_0)
FNDA:0,(anonymous_1)
DA:1,1
DA:2,0
DA:3,0
LF:3
LH:1
BRF:0
BRH:0
end_of_record
